<?xml version="1.0" encoding="UTF-8"?>
<!-- Generated by org.testng.reporters.JUnitReportReporter -->
<testsuite hostname="LaptopThu" failures="0" tests="8" name="com.nopcommerce.user.UserSearch" time="17.982" errors="0" timestamp="02 Sep 2022 10:09:18 GMT" skipped="0">
  <testcase classname="com.nopcommerce.user.UserSearch" name="Search_06_Advanced_Search_With_Sub_Categories" time="2.111"/>
  <testcase classname="com.nopcommerce.user.UserSearch" name="Search_04_Search_With_Absolute_Data" time="1.348"/>
  <testcase classname="com.nopcommerce.user.UserSearch" name="Search_02_Search_With_Not_Existing_Data" time="3.148"/>
  <testcase classname="com.nopcommerce.user.UserSearch" name="Search_08_Advanced_Search_Correct_Manufacturer" time="2.262"/>
  <testcase classname="com.nopcommerce.user.UserSearch" name="Search_01_Search_With_Empty_Data" time="1.513"/>
  <testcase classname="com.nopcommerce.user.UserSearch" name="Search_03_Search_With_Relate_Data" time="2.391"/>
  <testcase classname="com.nopcommerce.user.UserSearch" name="Search_07_Advanced_Search_With_Incorrect_Manufacturer" time="2.763"/>
  <testcase classname="com.nopcommerce.user.UserSearch" name="Search_05_Advanced_Search_With_Parent_Categories" time="2.446"/>
</testsuite> <!-- com.nopcommerce.user.UserSearch -->
